<?xml version="1.0" encoding="UTF-8"?>
<!-- Generated by org.testng.reporters.JUnitReportReporter -->
<testsuite hostname="LAPTOP-5S2C237C" failures="0" tests="4" name="com.saucelabs.tests.ProductTests" time="88.160" errors="0" timestamp="2024-07-23T23:29:02 IST" skipped="0">
  <testcase classname="com.saucelabs.tests.ProductTests" name="validateProductonProductsPage" time="11.457"/>
  <system-out/>
  <testcase classname="com.saucelabs.tests.ProductTests" name="validateProductonProductsPage" time="12.512"/>
  <system-out/>
  <testcase classname="com.saucelabs.tests.ProductTests" name="validateProductonProductDetailsPage" time="32.407"/>
  <system-out/>
  <testcase classname="com.saucelabs.tests.ProductTests" name="validateProductonProductDetailsPage" time="31.784"/>
  <system-out/>
</testsuite> <!-- com.saucelabs.tests.ProductTests -->
