<?xml version="1.0" encoding="UTF-8"?>
<!-- Generated by org.testng.reporters.JUnitReportReporter -->
<testsuite hostname="LAPTOP-5S2C237C" failures="0" tests="2" name="com.saucelabs.tests.ProductTests" time="30.315" errors="0" timestamp="2024-07-17T01:15:08 IST" skipped="0">
  <testcase classname="com.saucelabs.tests.ProductTests" name="validateProductonProductDetailsPage" time="18.455"/>
  <system-out/>
  <testcase classname="com.saucelabs.tests.ProductTests" name="validateProductonProductsPage" time="11.860"/>
  <system-out/>
</testsuite> <!-- com.saucelabs.tests.ProductTests -->
