<?xml version="1.0" encoding="UTF-8"?>
<!-- Generated by org.testng.reporters.JUnitReportReporter -->
<testsuite hostname="LAPTOP-5S2C237C" failures="0" tests="2" name="com.saucelabs.tests.ProductTests" time="28.524" errors="0" timestamp="2024-07-07T00:10:38 IST" skipped="0">
  <testcase classname="com.saucelabs.tests.ProductTests" name="validateProductonProductDetailsPage" time="17.414"/>
  <system-out/>
  <testcase classname="com.saucelabs.tests.ProductTests" name="validateProductonProductsPage" time="11.110"/>
  <system-out/>
</testsuite> <!-- com.saucelabs.tests.ProductTests -->
