<?xml version="1.0" encoding="UTF-8"?>
<!-- Generated by org.testng.reporters.JUnitReportReporter -->
<testsuite hostname="LAPTOP-5S2C237C" failures="0" tests="2" name="com.saucelabs.tests.LoginTests" time="19.955" errors="0" timestamp="2024-07-14T23:55:30 IST" skipped="0">
  <testcase classname="com.saucelabs.tests.LoginTests" name="validCredentials" time="9.317"/>
  <system-out/>
  <testcase classname="com.saucelabs.tests.LoginTests" name="invalidPassword" time="10.638"/>
  <system-out/>
</testsuite> <!-- com.saucelabs.tests.LoginTests -->
