<?xml version="1.0" encoding="UTF-8"?>
<!-- Generated by org.testng.reporters.JUnitReportReporter -->
<testsuite hostname="LAPTOP-5S2C237C" failures="0" tests="6" name="com.saucelabs.tests.LoginTests" time="76.517" errors="0" timestamp="2024-07-23T23:29:02 IST" skipped="0">
  <testcase classname="com.saucelabs.tests.LoginTests" name="validCredentials" time="14.512"/>
  <system-out/>
  <testcase classname="com.saucelabs.tests.LoginTests" name="invalidUsername" time="10.304"/>
  <system-out/>
  <testcase classname="com.saucelabs.tests.LoginTests" name="validCredentials" time="15.073"/>
  <system-out/>
  <testcase classname="com.saucelabs.tests.LoginTests" name="invalidPassword" time="13.862"/>
  <system-out/>
  <testcase classname="com.saucelabs.tests.LoginTests" name="invalidPassword" time="12.832"/>
  <system-out/>
  <testcase classname="com.saucelabs.tests.LoginTests" name="invalidUsername" time="9.934"/>
  <system-out/>
</testsuite> <!-- com.saucelabs.tests.LoginTests -->
