<?xml version="1.0" encoding="UTF-8"?>
<!-- Generated by org.testng.reporters.JUnitReportReporter -->
<testsuite hostname="LAPTOP-5S2C237C" failures="0" tests="3" name="com.saucelabs.tests.LoginTests" time="29.770" errors="0" timestamp="2024-07-07T00:10:38 IST" skipped="0">
  <testcase classname="com.saucelabs.tests.LoginTests" name="validCredentials" time="11.208"/>
  <system-out/>
  <testcase classname="com.saucelabs.tests.LoginTests" name="invalidUsername" time="7.685"/>
  <system-out/>
  <testcase classname="com.saucelabs.tests.LoginTests" name="invalidPassword" time="10.877"/>
  <system-out/>
</testsuite> <!-- com.saucelabs.tests.LoginTests -->
