<?xml version="1.0" encoding="UTF-8"?>
<!-- Generated by org.testng.reporters.JUnitReportReporter -->
<testsuite hostname="LAPTOP-5S2C237C" failures="0" tests="3" name="com.saucelabs.tests.LoginTests" time="29.646" errors="0" timestamp="2024-07-26T23:40:33 IST" skipped="0">
  <testcase classname="com.saucelabs.tests.LoginTests" name="invalidUsername" time="8.170"/>
  <system-out/>
  <testcase classname="com.saucelabs.tests.LoginTests" name="invalidPassword" time="10.483"/>
  <system-out/>
  <testcase classname="com.saucelabs.tests.LoginTests" name="validCredentials" time="10.993"/>
  <system-out/>
</testsuite> <!-- com.saucelabs.tests.LoginTests -->
